2025-08-16 11:33:04,678 - __main__ - INFO - Using frontend developer filter
2025-08-16 11:33:04,678 - __main__ - INFO - Starting vacancy extraction...
2025-08-16 11:33:05,796 - httpx - INFO - HTTP Request: GET https://api.hh.ru/vacancies?per_page=100&page=0&text=%28%0A++%28%22frontend%22+OR+%22front-end%22+OR+%22front+end%22+OR+%D1%84%D1%80%D0%BE%D0%BD%D1%82%D0%B5%D0%BD%D0%B4+OR+%22%D1%84%D1%80%D0%BE%D0%BD%D1%82-%D0%B5%D0%BD%D0%B4%22+OR+%22%D1%84%D1%80%D0%BE%D0%BD%D1%82+%D1%8D%D0%BD%D0%B4%22%29%0A++AND+%28%22developer%22+OR+%D1%80%D0%B0%D0%B7%D1%80%D0%B0%D0%B1%D0%BE%D1%82%D1%87%D0%B8%D0%BA%29%0A++AND+%28javascript+OR+typescript+OR+react+OR+vue+OR+angular+OR+%22next.js%22+OR+%22nuxt.js%22+OR+svelte%29%0A%29%0AAND+NOT+%28%0A++fullstack+OR+%22full-stack%22+OR+backend+OR+%22node.js%22+OR+%22react+native%22+OR+mobile+OR+android+OR+ios+OR+flutter%0A++OR+qa+OR+%D1%82%D0%B5%D1%81%D1%82%D0%B8%D1%80%D0%BE%D0%B2%D1%89%D0%B8%D0%BA+OR+devops+OR+data+OR+analyst+OR+analytics+OR+ml+OR+%22machine+learning%22%0A++OR+golang+OR+python+OR+php+OR+java+OR+%22.net%22+OR+c%23+OR+%22c%2B%2B%22+OR+1c+OR+bitrix+OR+%22bitrix24%22%0A++OR+%D0%B2%D0%BE%D0%B4%D0%B8%D1%82%D0%B5%D0%BB%D1%8C+OR+%D0%BA%D1%83%D1%80%D1%8C%D0%B5%D1%80+OR+%D0%B3%D1%80%D1%83%D0%B7%D1%87%D0%B8%D0%BA+OR+%D0%BA%D0%BB%D0%B0%D0%B4%D0%BE%D0%B2%D1%89%D0%B8%D0%BA+OR+%D0%BA%D0%BE%D0%BC%D0%BF%D0%BB%D0%B5%D0%BA%D1%82%D0%BE%D0%B2%D1%89%D0%B8%D0%BA+OR+%D1%84%D0%B0%D1%81%D0%BE%D0%B2%D1%89%D0%B8%D0%BA+OR+%D0%BF%D1%80%D0%BE%D1%80%D0%B0%D0%B1%0A++OR+%D1%81%D0%B2%D0%B0%D1%80%D1%89%D0%B8%D0%BA+OR+%D1%81%D0%BB%D0%B5%D1%81%D0%B0%D1%80%D1%8C+OR+%D1%8D%D0%BB%D0%B5%D0%BA%D1%82%D1%80%D0%B8%D0%BA+OR+%D1%82%D0%BE%D0%BA%D0%B0%D1%80%D1%8C+OR+%D0%BC%D0%BE%D0%BD%D1%82%D0%B0%D0%B6%D0%BD%D0%B8%D0%BA+OR+%D1%80%D0%B0%D0%B7%D0%BD%D0%BE%D1%80%D0%B0%D0%B1%D0%BE%D1%87+OR+%D1%83%D0%B1%D0%BE%D1%80%D1%89%D0%B8%D0%BA%0A++OR+%D0%BA%D0%B0%D1%81%D1%81%D0%B8%D1%80+OR+%D0%BF%D1%80%D0%BE%D0%B4%D0%B0%D0%B2%D0%B5%D1%86+OR+%D0%BE%D1%84%D0%B8%D1%86%D0%B8%D0%B0%D0%BD%D1%82+OR+%D0%B1%D0%B0%D1%80%D0%BC%D0%B5%D0%BD+OR+%D0%BF%D0%BE%D0%B2%D0%B0%D1%80+OR+%D1%82%D1%80%D0%B0%D0%BA%D1%82%D0%BE%D1%80%D0%B8%D1%81%D1%82%0A%29 "HTTP/1.1 200 OK"
2025-08-16 11:33:05,932 - __main__ - INFO - Page 0: extracted 100 vacancies (total: 100)
2025-08-16 11:33:06,932 - httpx - INFO - HTTP Request: GET https://api.hh.ru/vacancies?per_page=100&page=1&text=%28%0A++%28%22frontend%22+OR+%22front-end%22+OR+%22front+end%22+OR+%D1%84%D1%80%D0%BE%D0%BD%D1%82%D0%B5%D0%BD%D0%B4+OR+%22%D1%84%D1%80%D0%BE%D0%BD%D1%82-%D0%B5%D0%BD%D0%B4%22+OR+%22%D1%84%D1%80%D0%BE%D0%BD%D1%82+%D1%8D%D0%BD%D0%B4%22%29%0A++AND+%28%22developer%22+OR+%D1%80%D0%B0%D0%B7%D1%80%D0%B0%D0%B1%D0%BE%D1%82%D1%87%D0%B8%D0%BA%29%0A++AND+%28javascript+OR+typescript+OR+react+OR+vue+OR+angular+OR+%22next.js%22+OR+%22nuxt.js%22+OR+svelte%29%0A%29%0AAND+NOT+%28%0A++fullstack+OR+%22full-stack%22+OR+backend+OR+%22node.js%22+OR+%22react+native%22+OR+mobile+OR+android+OR+ios+OR+flutter%0A++OR+qa+OR+%D1%82%D0%B5%D1%81%D1%82%D0%B8%D1%80%D0%BE%D0%B2%D1%89%D0%B8%D0%BA+OR+devops+OR+data+OR+analyst+OR+analytics+OR+ml+OR+%22machine+learning%22%0A++OR+golang+OR+python+OR+php+OR+java+OR+%22.net%22+OR+c%23+OR+%22c%2B%2B%22+OR+1c+OR+bitrix+OR+%22bitrix24%22%0A++OR+%D0%B2%D0%BE%D0%B4%D0%B8%D1%82%D0%B5%D0%BB%D1%8C+OR+%D0%BA%D1%83%D1%80%D1%8C%D0%B5%D1%80+OR+%D0%B3%D1%80%D1%83%D0%B7%D1%87%D0%B8%D0%BA+OR+%D0%BA%D0%BB%D0%B0%D0%B4%D0%BE%D0%B2%D1%89%D0%B8%D0%BA+OR+%D0%BA%D0%BE%D0%BC%D0%BF%D0%BB%D0%B5%D0%BA%D1%82%D0%BE%D0%B2%D1%89%D0%B8%D0%BA+OR+%D1%84%D0%B0%D1%81%D0%BE%D0%B2%D1%89%D0%B8%D0%BA+OR+%D0%BF%D1%80%D0%BE%D1%80%D0%B0%D0%B1%0A++OR+%D1%81%D0%B2%D0%B0%D1%80%D1%89%D0%B8%D0%BA+OR+%D1%81%D0%BB%D0%B5%D1%81%D0%B0%D1%80%D1%8C+OR+%D1%8D%D0%BB%D0%B5%D0%BA%D1%82%D1%80%D0%B8%D0%BA+OR+%D1%82%D0%BE%D0%BA%D0%B0%D1%80%D1%8C+OR+%D0%BC%D0%BE%D0%BD%D1%82%D0%B0%D0%B6%D0%BD%D0%B8%D0%BA+OR+%D1%80%D0%B0%D0%B7%D0%BD%D0%BE%D1%80%D0%B0%D0%B1%D0%BE%D1%87+OR+%D1%83%D0%B1%D0%BE%D1%80%D1%89%D0%B8%D0%BA%0A++OR+%D0%BA%D0%B0%D1%81%D1%81%D0%B8%D1%80+OR+%D0%BF%D1%80%D0%BE%D0%B4%D0%B0%D0%B2%D0%B5%D1%86+OR+%D0%BE%D1%84%D0%B8%D1%86%D0%B8%D0%B0%D0%BD%D1%82+OR+%D0%B1%D0%B0%D1%80%D0%BC%D0%B5%D0%BD+OR+%D0%BF%D0%BE%D0%B2%D0%B0%D1%80+OR+%D1%82%D1%80%D0%B0%D0%BA%D1%82%D0%BE%D1%80%D0%B8%D1%81%D1%82%0A%29 "HTTP/1.1 200 OK"
2025-08-16 11:33:07,026 - __main__ - INFO - Page 1: extracted 100 vacancies (total: 200)
2025-08-16 11:33:08,151 - httpx - INFO - HTTP Request: GET https://api.hh.ru/vacancies?per_page=100&page=2&text=%28%0A++%28%22frontend%22+OR+%22front-end%22+OR+%22front+end%22+OR+%D1%84%D1%80%D0%BE%D0%BD%D1%82%D0%B5%D0%BD%D0%B4+OR+%22%D1%84%D1%80%D0%BE%D0%BD%D1%82-%D0%B5%D0%BD%D0%B4%22+OR+%22%D1%84%D1%80%D0%BE%D0%BD%D1%82+%D1%8D%D0%BD%D0%B4%22%29%0A++AND+%28%22developer%22+OR+%D1%80%D0%B0%D0%B7%D1%80%D0%B0%D0%B1%D0%BE%D1%82%D1%87%D0%B8%D0%BA%29%0A++AND+%28javascript+OR+typescript+OR+react+OR+vue+OR+angular+OR+%22next.js%22+OR+%22nuxt.js%22+OR+svelte%29%0A%29%0AAND+NOT+%28%0A++fullstack+OR+%22full-stack%22+OR+backend+OR+%22node.js%22+OR+%22react+native%22+OR+mobile+OR+android+OR+ios+OR+flutter%0A++OR+qa+OR+%D1%82%D0%B5%D1%81%D1%82%D0%B8%D1%80%D0%BE%D0%B2%D1%89%D0%B8%D0%BA+OR+devops+OR+data+OR+analyst+OR+analytics+OR+ml+OR+%22machine+learning%22%0A++OR+golang+OR+python+OR+php+OR+java+OR+%22.net%22+OR+c%23+OR+%22c%2B%2B%22+OR+1c+OR+bitrix+OR+%22bitrix24%22%0A++OR+%D0%B2%D0%BE%D0%B4%D0%B8%D1%82%D0%B5%D0%BB%D1%8C+OR+%D0%BA%D1%83%D1%80%D1%8C%D0%B5%D1%80+OR+%D0%B3%D1%80%D1%83%D0%B7%D1%87%D0%B8%D0%BA+OR+%D0%BA%D0%BB%D0%B0%D0%B4%D0%BE%D0%B2%D1%89%D0%B8%D0%BA+OR+%D0%BA%D0%BE%D0%BC%D0%BF%D0%BB%D0%B5%D0%BA%D1%82%D0%BE%D0%B2%D1%89%D0%B8%D0%BA+OR+%D1%84%D0%B0%D1%81%D0%BE%D0%B2%D1%89%D0%B8%D0%BA+OR+%D0%BF%D1%80%D0%BE%D1%80%D0%B0%D0%B1%0A++OR+%D1%81%D0%B2%D0%B0%D1%80%D1%89%D0%B8%D0%BA+OR+%D1%81%D0%BB%D0%B5%D1%81%D0%B0%D1%80%D1%8C+OR+%D1%8D%D0%BB%D0%B5%D0%BA%D1%82%D1%80%D0%B8%D0%BA+OR+%D1%82%D0%BE%D0%BA%D0%B0%D1%80%D1%8C+OR+%D0%BC%D0%BE%D0%BD%D1%82%D0%B0%D0%B6%D0%BD%D0%B8%D0%BA+OR+%D1%80%D0%B0%D0%B7%D0%BD%D0%BE%D1%80%D0%B0%D0%B1%D0%BE%D1%87+OR+%D1%83%D0%B1%D0%BE%D1%80%D1%89%D0%B8%D0%BA%0A++OR+%D0%BA%D0%B0%D1%81%D1%81%D0%B8%D1%80+OR+%D0%BF%D1%80%D0%BE%D0%B4%D0%B0%D0%B2%D0%B5%D1%86+OR+%D0%BE%D1%84%D0%B8%D1%86%D0%B8%D0%B0%D0%BD%D1%82+OR+%D0%B1%D0%B0%D1%80%D0%BC%D0%B5%D0%BD+OR+%D0%BF%D0%BE%D0%B2%D0%B0%D1%80+OR+%D1%82%D1%80%D0%B0%D0%BA%D1%82%D0%BE%D1%80%D0%B8%D1%81%D1%82%0A%29 "HTTP/1.1 200 OK"
2025-08-16 11:33:08,159 - __main__ - INFO - Page 2: extracted 98 vacancies (total: 298)
2025-08-16 11:33:08,160 - __main__ - INFO - Extraction completed. Total vacancies: 298
2025-08-16 11:33:08,161 - __main__ - INFO - Saved 298 vacancies to frontend_vacancies.csv
2025-08-16 11:33:08,161 - __main__ - INFO - Successfully extracted and saved 298 vacancies
2025-08-16 12:10:55,222 - __main__ - INFO - Using data science/ML filter
2025-08-16 12:10:55,223 - __main__ - INFO - Starting vacancy extraction...
2025-08-16 12:10:55,526 - httpx - INFO - HTTP Request: GET https://api.hh.ru/vacancies?per_page=100&page=0&text=data+scientist%22+OR+%22data+science%22+OR+%22machine+learning%22+OR+%22ml+engineer%22+OR+%22ai+engineer "HTTP/1.1 200 OK"
2025-08-16 12:10:55,529 - __main__ - INFO - Extraction completed. Total vacancies: 0
2025-08-16 12:10:55,529 - __main__ - WARNING - No vacancies found
2025-08-16 12:12:01,524 - __main__ - INFO - Using data science/ML filter
2025-08-16 12:12:01,524 - __main__ - INFO - Starting vacancy extraction...
2025-08-16 12:12:02,193 - httpx - INFO - HTTP Request: GET https://api.hh.ru/vacancies?per_page=100&page=0&text=data+scientist%22+OR+%22data+science%22+OR+%22machine+learning%22+OR+%22ml+engineer%22+OR+%22ai+engineer "HTTP/1.1 200 OK"
2025-08-16 12:12:02,195 - __main__ - INFO - Extraction completed. Total vacancies: 0
2025-08-16 12:12:02,195 - __main__ - WARNING - No vacancies found
2025-08-16 12:13:47,954 - __main__ - INFO - Using data science/ML filter
2025-08-16 12:13:47,955 - __main__ - INFO - Starting vacancy extraction...
2025-08-16 12:13:49,310 - httpx - INFO - HTTP Request: GET https://api.hh.ru/vacancies?per_page=100&page=0&text=%22data+scientist%22+OR+%22data+science%22+OR+%22machine+learning%22+OR+%22ml+engineer%22+OR+%22ai+engineer%22+ "HTTP/1.1 200 OK"
2025-08-16 12:13:49,416 - __main__ - INFO - Page 0: extracted 100 vacancies (total: 100)
2025-08-16 12:13:50,957 - httpx - INFO - HTTP Request: GET https://api.hh.ru/vacancies?per_page=100&page=1&text=%22data+scientist%22+OR+%22data+science%22+OR+%22machine+learning%22+OR+%22ml+engineer%22+OR+%22ai+engineer%22+ "HTTP/1.1 200 OK"
2025-08-16 12:13:51,068 - __main__ - INFO - Page 1: extracted 100 vacancies (total: 200)
2025-08-16 12:13:52,688 - httpx - INFO - HTTP Request: GET https://api.hh.ru/vacancies?per_page=100&page=2&text=%22data+scientist%22+OR+%22data+science%22+OR+%22machine+learning%22+OR+%22ml+engineer%22+OR+%22ai+engineer%22+ "HTTP/1.1 200 OK"
2025-08-16 12:13:52,889 - __main__ - INFO - Page 2: extracted 100 vacancies (total: 300)
2025-08-16 12:13:54,397 - httpx - INFO - HTTP Request: GET https://api.hh.ru/vacancies?per_page=100&page=3&text=%22data+scientist%22+OR+%22data+science%22+OR+%22machine+learning%22+OR+%22ml+engineer%22+OR+%22ai+engineer%22+ "HTTP/1.1 200 OK"
2025-08-16 12:13:54,487 - __main__ - INFO - Page 3: extracted 100 vacancies (total: 400)
2025-08-16 12:13:56,053 - httpx - INFO - HTTP Request: GET https://api.hh.ru/vacancies?per_page=100&page=4&text=%22data+scientist%22+OR+%22data+science%22+OR+%22machine+learning%22+OR+%22ml+engineer%22+OR+%22ai+engineer%22+ "HTTP/1.1 200 OK"
2025-08-16 12:13:56,246 - __main__ - INFO - Page 4: extracted 100 vacancies (total: 500)
2025-08-16 12:13:57,793 - httpx - INFO - HTTP Request: GET https://api.hh.ru/vacancies?per_page=100&page=5&text=%22data+scientist%22+OR+%22data+science%22+OR+%22machine+learning%22+OR+%22ml+engineer%22+OR+%22ai+engineer%22+ "HTTP/1.1 200 OK"
2025-08-16 12:13:57,987 - __main__ - INFO - Page 5: extracted 100 vacancies (total: 600)
2025-08-16 12:13:59,472 - httpx - INFO - HTTP Request: GET https://api.hh.ru/vacancies?per_page=100&page=6&text=%22data+scientist%22+OR+%22data+science%22+OR+%22machine+learning%22+OR+%22ml+engineer%22+OR+%22ai+engineer%22+ "HTTP/1.1 200 OK"
2025-08-16 12:13:59,569 - __main__ - INFO - Page 6: extracted 100 vacancies (total: 700)
2025-08-16 12:14:01,136 - httpx - INFO - HTTP Request: GET https://api.hh.ru/vacancies?per_page=100&page=7&text=%22data+scientist%22+OR+%22data+science%22+OR+%22machine+learning%22+OR+%22ml+engineer%22+OR+%22ai+engineer%22+ "HTTP/1.1 200 OK"
2025-08-16 12:14:01,230 - __main__ - INFO - Page 7: extracted 100 vacancies (total: 800)
2025-08-16 12:14:02,785 - httpx - INFO - HTTP Request: GET https://api.hh.ru/vacancies?per_page=100&page=8&text=%22data+scientist%22+OR+%22data+science%22+OR+%22machine+learning%22+OR+%22ml+engineer%22+OR+%22ai+engineer%22+ "HTTP/1.1 200 OK"
2025-08-16 12:14:02,960 - __main__ - INFO - Page 8: extracted 100 vacancies (total: 900)
2025-08-16 12:14:04,528 - httpx - INFO - HTTP Request: GET https://api.hh.ru/vacancies?per_page=100&page=9&text=%22data+scientist%22+OR+%22data+science%22+OR+%22machine+learning%22+OR+%22ml+engineer%22+OR+%22ai+engineer%22+ "HTTP/1.1 200 OK"
2025-08-16 12:14:04,621 - __main__ - INFO - Page 9: extracted 100 vacancies (total: 1000)
2025-08-16 12:14:06,169 - httpx - INFO - HTTP Request: GET https://api.hh.ru/vacancies?per_page=100&page=10&text=%22data+scientist%22+OR+%22data+science%22+OR+%22machine+learning%22+OR+%22ml+engineer%22+OR+%22ai+engineer%22+ "HTTP/1.1 200 OK"
2025-08-16 12:14:06,352 - __main__ - INFO - Page 10: extracted 100 vacancies (total: 1100)
2025-08-16 12:14:07,850 - httpx - INFO - HTTP Request: GET https://api.hh.ru/vacancies?per_page=100&page=11&text=%22data+scientist%22+OR+%22data+science%22+OR+%22machine+learning%22+OR+%22ml+engineer%22+OR+%22ai+engineer%22+ "HTTP/1.1 200 OK"
2025-08-16 12:14:07,940 - __main__ - INFO - Page 11: extracted 100 vacancies (total: 1200)
2025-08-16 12:14:09,506 - httpx - INFO - HTTP Request: GET https://api.hh.ru/vacancies?per_page=100&page=12&text=%22data+scientist%22+OR+%22data+science%22+OR+%22machine+learning%22+OR+%22ml+engineer%22+OR+%22ai+engineer%22+ "HTTP/1.1 200 OK"
2025-08-16 12:14:09,607 - __main__ - INFO - Page 12: extracted 100 vacancies (total: 1300)
2025-08-16 12:14:11,228 - httpx - INFO - HTTP Request: GET https://api.hh.ru/vacancies?per_page=100&page=13&text=%22data+scientist%22+OR+%22data+science%22+OR+%22machine+learning%22+OR+%22ml+engineer%22+OR+%22ai+engineer%22+ "HTTP/1.1 200 OK"
2025-08-16 12:14:11,239 - __main__ - INFO - Page 13: extracted 100 vacancies (total: 1400)
2025-08-16 12:14:12,750 - httpx - INFO - HTTP Request: GET https://api.hh.ru/vacancies?per_page=100&page=14&text=%22data+scientist%22+OR+%22data+science%22+OR+%22machine+learning%22+OR+%22ml+engineer%22+OR+%22ai+engineer%22+ "HTTP/1.1 200 OK"
2025-08-16 12:14:12,770 - __main__ - INFO - Page 14: extracted 100 vacancies (total: 1500)
2025-08-16 12:14:14,205 - httpx - INFO - HTTP Request: GET https://api.hh.ru/vacancies?per_page=100&page=15&text=%22data+scientist%22+OR+%22data+science%22+OR+%22machine+learning%22+OR+%22ml+engineer%22+OR+%22ai+engineer%22+ "HTTP/1.1 200 OK"
2025-08-16 12:14:14,209 - __main__ - INFO - Page 15: extracted 43 vacancies (total: 1543)
2025-08-16 12:14:14,210 - __main__ - INFO - Extraction completed. Total vacancies: 1543
2025-08-16 12:14:14,216 - __main__ - INFO - Saved 1543 vacancies to ds_vacancies.csv
2025-08-16 12:14:14,216 - __main__ - INFO - Successfully extracted and saved 1543 vacancies
